The system is: CYGWIN - 1.7.17(0.262/5/3) - i686
Compiling the C compiler identification source file "CMakeCCompilerId.c" succeeded.
Compiler: /usr/bin/gcc.exe 
Build flags: 
Id flags: 

The output was:
0


Compilation of the C compiler identification source "CMakeCCompilerId.c" produced "a.exe"

The C compiler identification is GNU, found in "/cygdrive/d/source/Mobile/server/libs/mysql-connector-c++-1.1.1/CMakeFiles/CompilerIdC/a.exe"

Compiling the CXX compiler identification source file "CMakeCXXCompilerId.cpp" succeeded.
Compiler: /usr/bin/c++.exe 
Build flags: 
Id flags: 

The output was:
0


Compilation of the CXX compiler identification source "CMakeCXXCompilerId.cpp" produced "a.exe"

The CXX compiler identification is GNU, found in "/cygdrive/d/source/Mobile/server/libs/mysql-connector-c++-1.1.1/CMakeFiles/CompilerIdCXX/a.exe"

Determining if the C compiler works passed with the following output:
Change Dir: /cygdrive/d/source/Mobile/server/libs/mysql-connector-c++-1.1.1/CMakeFiles/CMakeTmp

Run Build Command:/usr/bin/make.exe "cmTryCompileExec2844212587/fast"
/usr/bin/make -f CMakeFiles/cmTryCompileExec2844212587.dir/build.make CMakeFiles/cmTryCompileExec2844212587.dir/build
make[1]: 进入目录“/cygdrive/d/source/Mobile/server/libs/mysql-connector-c++-1.1.1/CMakeFiles/CMakeTmp”
/usr/bin/cmake.exe -E cmake_progress_report /cygdrive/d/source/Mobile/server/libs/mysql-connector-c++-1.1.1/CMakeFiles/CMakeTmp/CMakeFiles 1
Building C object CMakeFiles/cmTryCompileExec2844212587.dir/testCCompiler.c.o
/usr/bin/gcc.exe    -o CMakeFiles/cmTryCompileExec2844212587.dir/testCCompiler.c.o   -c /cygdrive/d/source/Mobile/server/libs/mysql-connector-c++-1.1.1/CMakeFiles/CMakeTmp/testCCompiler.c
Linking C executable cmTryCompileExec2844212587.exe
/usr/bin/cmake.exe -E cmake_link_script CMakeFiles/cmTryCompileExec2844212587.dir/link.txt --verbose=1
/usr/bin/gcc.exe       -Wl,--enable-auto-import  CMakeFiles/cmTryCompileExec2844212587.dir/testCCompiler.c.o  -o cmTryCompileExec2844212587.exe -Wl,--out-implib,libcmTryCompileExec2844212587.dll.a -Wl,--major-image-version,0,--minor-image-version,0  
make[1]: 离开目录“/cygdrive/d/source/Mobile/server/libs/mysql-connector-c++-1.1.1/CMakeFiles/CMakeTmp”


Detecting C compiler ABI info compiled with the following output:
Change Dir: /cygdrive/d/source/Mobile/server/libs/mysql-connector-c++-1.1.1/CMakeFiles/CMakeTmp

Run Build Command:/usr/bin/make.exe "cmTryCompileExec769406205/fast"
/usr/bin/make -f CMakeFiles/cmTryCompileExec769406205.dir/build.make CMakeFiles/cmTryCompileExec769406205.dir/build
make[1]: 进入目录“/cygdrive/d/source/Mobile/server/libs/mysql-connector-c++-1.1.1/CMakeFiles/CMakeTmp”
/usr/bin/cmake.exe -E cmake_progress_report /cygdrive/d/source/Mobile/server/libs/mysql-connector-c++-1.1.1/CMakeFiles/CMakeTmp/CMakeFiles 1
Building C object CMakeFiles/cmTryCompileExec769406205.dir/CMakeCCompilerABI.c.o
/usr/bin/gcc.exe    -o CMakeFiles/cmTryCompileExec769406205.dir/CMakeCCompilerABI.c.o   -c /usr/share/cmake-2.8.9/Modules/CMakeCCompilerABI.c
Linking C executable cmTryCompileExec769406205.exe
/usr/bin/cmake.exe -E cmake_link_script CMakeFiles/cmTryCompileExec769406205.dir/link.txt --verbose=1
/usr/bin/gcc.exe       -v CMakeFiles/cmTryCompileExec769406205.dir/CMakeCCompilerABI.c.o  -o cmTryCompileExec769406205.exe -Wl,--out-implib,libcmTryCompileExec769406205.dll.a -Wl,--major-image-version,0,--minor-image-version,0   
使用内建 specs。
COLLECT_GCC=/usr/bin/gcc
COLLECT_LTO_WRAPPER=/usr/lib/gcc/i686-pc-cygwin/4.5.3/lto-wrapper.exe
目标：i686-pc-cygwin
配置为：/gnu/gcc/releases/respins/4.5.3-3/gcc4-4.5.3-3/src/gcc-4.5.3/configure --srcdir=/gnu/gcc/releases/respins/4.5.3-3/gcc4-4.5.3-3/src/gcc-4.5.3 --prefix=/usr --exec-prefix=/usr --bindir=/usr/bin --sbindir=/usr/sbin --libexecdir=/usr/lib --datadir=/usr/share --localstatedir=/var --sysconfdir=/etc --datarootdir=/usr/share --docdir=/usr/share/doc/gcc4 -C --datadir=/usr/share --infodir=/usr/share/info --mandir=/usr/share/man -v --with-gmp=/usr --with-mpfr=/usr --enable-bootstrap --enable-version-specific-runtime-libs --libexecdir=/usr/lib --enable-static --enable-shared --enable-shared-libgcc --disable-__cxa_atexit --with-gnu-ld --with-gnu-as --with-dwarf2 --disable-sjlj-exceptions --enable-languages=ada,c,c++,fortran,java,lto,objc,obj-c++ --enable-graphite --enable-lto --enable-java-awt=gtk --disable-symvers --enable-libjava --program-suffix=-4 --enable-libgomp --enable-libssp --enable-libada --enable-threads=posix --with-arch=i686 --with-tune=generic --enable-libgcj-sublibs CC=gcc-4 CXX=g++-4 CC_FOR_TARGET=gcc-4 CXX_FOR_TARGET=g++-4 GNATMAKE_FOR_TARGET=gnatmake GNATBIND_FOR_TARGET=gnatbind --with-ecj-jar=/usr/share/java/ecj.jar
线程模型：posix
gcc 版本 4.5.3 (GCC) 
COMPILER_PATH=/usr/lib/gcc/i686-pc-cygwin/4.5.3/:/usr/lib/gcc/i686-pc-cygwin/4.5.3/:/usr/lib/gcc/i686-pc-cygwin/:/usr/lib/gcc/i686-pc-cygwin/4.5.3/:/usr/lib/gcc/i686-pc-cygwin/:/usr/lib/gcc/i686-pc-cygwin/4.5.3/../../../../i686-pc-cygwin/bin/
LIBRARY_PATH=/usr/lib/gcc/i686-pc-cygwin/4.5.3/:/usr/lib/gcc/i686-pc-cygwin/4.5.3/../../../:/lib/:/usr/lib/
COLLECT_GCC_OPTIONS='-v' '-o' 'cmTryCompileExec769406205.exe' '-mtune=generic' '-march=i686'
 /usr/lib/gcc/i686-pc-cygwin/4.5.3/collect2.exe --wrap _Znwj --wrap _Znaj --wrap _ZdlPv --wrap _ZdaPv --wrap _ZnwjRKSt9nothrow_t --wrap _ZnajRKSt9nothrow_t --wrap _ZdlPvRKSt9nothrow_t --wrap _ZdaPvRKSt9nothrow_t -Bdynamic --dll-search-prefix=cyg --large-address-aware --tsaware -o cmTryCompileExec769406205.exe /usr/lib/gcc/i686-pc-cygwin/4.5.3/../../../crt0.o /usr/lib/gcc/i686-pc-cygwin/4.5.3/crtbegin.o -L/usr/lib/gcc/i686-pc-cygwin/4.5.3 -L/usr/lib/gcc/i686-pc-cygwin/4.5.3/../../.. CMakeFiles/cmTryCompileExec769406205.dir/CMakeCCompilerABI.c.o --out-implib libcmTryCompileExec769406205.dll.a --major-image-version 0 --minor-image-version 0 -lgcc -lgcc_eh -lcygwin -luser32 -lkernel32 -ladvapi32 -lshell32 -lgcc -lgcc_eh /usr/lib/gcc/i686-pc-cygwin/4.5.3/crtend.o
make[1]: 离开目录“/cygdrive/d/source/Mobile/server/libs/mysql-connector-c++-1.1.1/CMakeFiles/CMakeTmp”


Parsed C implicit link information from above output:
  link line regex: [^( *|.*[/\])(ld.exe|ld|collect2)[^/\]*( |$)]
  ignore line: [Change Dir: /cygdrive/d/source/Mobile/server/libs/mysql-connector-c++-1.1.1/CMakeFiles/CMakeTmp]
  ignore line: []
  ignore line: [Run Build Command:/usr/bin/make.exe "cmTryCompileExec769406205/fast"]
  ignore line: [/usr/bin/make -f CMakeFiles/cmTryCompileExec769406205.dir/build.make CMakeFiles/cmTryCompileExec769406205.dir/build]
  ignore line: [make[1]: 进入目录“/cygdrive/d/source/Mobile/server/libs/mysql-connector-c++-1.1.1/CMakeFiles/CMakeTmp”]
  ignore line: [/usr/bin/cmake.exe -E cmake_progress_report /cygdrive/d/source/Mobile/server/libs/mysql-connector-c++-1.1.1/CMakeFiles/CMakeTmp/CMakeFiles 1]
  ignore line: [Building C object CMakeFiles/cmTryCompileExec769406205.dir/CMakeCCompilerABI.c.o]
  ignore line: [/usr/bin/gcc.exe    -o CMakeFiles/cmTryCompileExec769406205.dir/CMakeCCompilerABI.c.o   -c /usr/share/cmake-2.8.9/Modules/CMakeCCompilerABI.c]
  ignore line: [Linking C executable cmTryCompileExec769406205.exe]
  ignore line: [/usr/bin/cmake.exe -E cmake_link_script CMakeFiles/cmTryCompileExec769406205.dir/link.txt --verbose=1]
  ignore line: [/usr/bin/gcc.exe       -v CMakeFiles/cmTryCompileExec769406205.dir/CMakeCCompilerABI.c.o  -o cmTryCompileExec769406205.exe -Wl,--out-implib,libcmTryCompileExec769406205.dll.a -Wl,--major-image-version,0,--minor-image-version,0   ]
  ignore line: [使用内建 specs。]
  ignore line: [COLLECT_GCC=/usr/bin/gcc]
  ignore line: [COLLECT_LTO_WRAPPER=/usr/lib/gcc/i686-pc-cygwin/4.5.3/lto-wrapper.exe]
  ignore line: [目标：i686-pc-cygwin]
  ignore line: [配置为：/gnu/gcc/releases/respins/4.5.3-3/gcc4-4.5.3-3/src/gcc-4.5.3/configure --srcdir=/gnu/gcc/releases/respins/4.5.3-3/gcc4-4.5.3-3/src/gcc-4.5.3 --prefix=/usr --exec-prefix=/usr --bindir=/usr/bin --sbindir=/usr/sbin --libexecdir=/usr/lib --datadir=/usr/share --localstatedir=/var --sysconfdir=/etc --datarootdir=/usr/share --docdir=/usr/share/doc/gcc4 -C --datadir=/usr/share --infodir=/usr/share/info --mandir=/usr/share/man -v --with-gmp=/usr --with-mpfr=/usr --enable-bootstrap --enable-version-specific-runtime-libs --libexecdir=/usr/lib --enable-static --enable-shared --enable-shared-libgcc --disable-__cxa_atexit --with-gnu-ld --with-gnu-as --with-dwarf2 --disable-sjlj-exceptions --enable-languages=ada,c,c++,fortran,java,lto,objc,obj-c++ --enable-graphite --enable-lto --enable-java-awt=gtk --disable-symvers --enable-libjava --program-suffix=-4 --enable-libgomp --enable-libssp --enable-libada --enable-threads=posix --with-arch=i686 --with-tune=generic --enable-libgcj-sublibs CC=gcc-4 CXX=g++-4 CC_FOR_TARGET=gcc-4 CXX_FOR_TARGET=g++-4 GNATMAKE_FOR_TARGET=gnatmake GNATBIND_FOR_TARGET=gnatbind --with-ecj-jar=/usr/share/java/ecj.jar]
  ignore line: [线程模型：posix]
  ignore line: [gcc 版本 4.5.3 (GCC) ]
  ignore line: [COMPILER_PATH=/usr/lib/gcc/i686-pc-cygwin/4.5.3/:/usr/lib/gcc/i686-pc-cygwin/4.5.3/:/usr/lib/gcc/i686-pc-cygwin/:/usr/lib/gcc/i686-pc-cygwin/4.5.3/:/usr/lib/gcc/i686-pc-cygwin/:/usr/lib/gcc/i686-pc-cygwin/4.5.3/../../../../i686-pc-cygwin/bin/]
  ignore line: [LIBRARY_PATH=/usr/lib/gcc/i686-pc-cygwin/4.5.3/:/usr/lib/gcc/i686-pc-cygwin/4.5.3/../../../:/lib/:/usr/lib/]
  ignore line: [COLLECT_GCC_OPTIONS='-v' '-o' 'cmTryCompileExec769406205.exe' '-mtune=generic' '-march=i686']
  link line: [ /usr/lib/gcc/i686-pc-cygwin/4.5.3/collect2.exe --wrap _Znwj --wrap _Znaj --wrap _ZdlPv --wrap _ZdaPv --wrap _ZnwjRKSt9nothrow_t --wrap _ZnajRKSt9nothrow_t --wrap _ZdlPvRKSt9nothrow_t --wrap _ZdaPvRKSt9nothrow_t -Bdynamic --dll-search-prefix=cyg --large-address-aware --tsaware -o cmTryCompileExec769406205.exe /usr/lib/gcc/i686-pc-cygwin/4.5.3/../../../crt0.o /usr/lib/gcc/i686-pc-cygwin/4.5.3/crtbegin.o -L/usr/lib/gcc/i686-pc-cygwin/4.5.3 -L/usr/lib/gcc/i686-pc-cygwin/4.5.3/../../.. CMakeFiles/cmTryCompileExec769406205.dir/CMakeCCompilerABI.c.o --out-implib libcmTryCompileExec769406205.dll.a --major-image-version 0 --minor-image-version 0 -lgcc -lgcc_eh -lcygwin -luser32 -lkernel32 -ladvapi32 -lshell32 -lgcc -lgcc_eh /usr/lib/gcc/i686-pc-cygwin/4.5.3/crtend.o]
    arg [/usr/lib/gcc/i686-pc-cygwin/4.5.3/collect2.exe] ==> ignore
    arg [--wrap] ==> ignore
    arg [_Znwj] ==> ignore
    arg [--wrap] ==> ignore
    arg [_Znaj] ==> ignore
    arg [--wrap] ==> ignore
    arg [_ZdlPv] ==> ignore
    arg [--wrap] ==> ignore
    arg [_ZdaPv] ==> ignore
    arg [--wrap] ==> ignore
    arg [_ZnwjRKSt9nothrow_t] ==> ignore
    arg [--wrap] ==> ignore
    arg [_ZnajRKSt9nothrow_t] ==> ignore
    arg [--wrap] ==> ignore
    arg [_ZdlPvRKSt9nothrow_t] ==> ignore
    arg [--wrap] ==> ignore
    arg [_ZdaPvRKSt9nothrow_t] ==> ignore
    arg [-Bdynamic] ==> ignore
    arg [--dll-search-prefix=cyg] ==> ignore
    arg [--large-address-aware] ==> ignore
    arg [--tsaware] ==> ignore
    arg [-o] ==> ignore
    arg [cmTryCompileExec769406205.exe] ==> ignore
    arg [/usr/lib/gcc/i686-pc-cygwin/4.5.3/../../../crt0.o] ==> ignore
    arg [/usr/lib/gcc/i686-pc-cygwin/4.5.3/crtbegin.o] ==> ignore
    arg [-L/usr/lib/gcc/i686-pc-cygwin/4.5.3] ==> dir [/usr/lib/gcc/i686-pc-cygwin/4.5.3]
    arg [-L/usr/lib/gcc/i686-pc-cygwin/4.5.3/../../..] ==> dir [/usr/lib/gcc/i686-pc-cygwin/4.5.3/../../..]
    arg [CMakeFiles/cmTryCompileExec769406205.dir/CMakeCCompilerABI.c.o] ==> ignore
    arg [--out-implib] ==> ignore
    arg [libcmTryCompileExec769406205.dll.a] ==> ignore
    arg [--major-image-version] ==> ignore
    arg [0] ==> ignore
    arg [--minor-image-version] ==> ignore
    arg [0] ==> ignore
    arg [-lgcc] ==> lib [gcc]
    arg [-lgcc_eh] ==> lib [gcc_eh]
    arg [-lcygwin] ==> lib [cygwin]
    arg [-luser32] ==> lib [user32]
    arg [-lkernel32] ==> lib [kernel32]
    arg [-ladvapi32] ==> lib [advapi32]
    arg [-lshell32] ==> lib [shell32]
    arg [-lgcc] ==> lib [gcc]
    arg [-lgcc_eh] ==> lib [gcc_eh]
    arg [/usr/lib/gcc/i686-pc-cygwin/4.5.3/crtend.o] ==> ignore
  remove lib [gcc]
  remove lib [gcc_eh]
  remove lib [gcc]
  remove lib [gcc_eh]
  collapse dir [/usr/lib/gcc/i686-pc-cygwin/4.5.3] ==> [/usr/lib/gcc/i686-pc-cygwin/4.5.3]
  collapse dir [/usr/lib/gcc/i686-pc-cygwin/4.5.3/../../..] ==> [/usr/lib]
  implicit libs: [cygwin;user32;kernel32;advapi32;shell32]
  implicit dirs: [/usr/lib/gcc/i686-pc-cygwin/4.5.3;/usr/lib]


Determining if the CXX compiler works passed with the following output:
Change Dir: /cygdrive/d/source/Mobile/server/libs/mysql-connector-c++-1.1.1/CMakeFiles/CMakeTmp

Run Build Command:/usr/bin/make.exe "cmTryCompileExec3284244652/fast"
/usr/bin/make -f CMakeFiles/cmTryCompileExec3284244652.dir/build.make CMakeFiles/cmTryCompileExec3284244652.dir/build
make[1]: 进入目录“/cygdrive/d/source/Mobile/server/libs/mysql-connector-c++-1.1.1/CMakeFiles/CMakeTmp”
/usr/bin/cmake.exe -E cmake_progress_report /cygdrive/d/source/Mobile/server/libs/mysql-connector-c++-1.1.1/CMakeFiles/CMakeTmp/CMakeFiles 1
Building CXX object CMakeFiles/cmTryCompileExec3284244652.dir/testCXXCompiler.cxx.o
/usr/bin/c++.exe     -o CMakeFiles/cmTryCompileExec3284244652.dir/testCXXCompiler.cxx.o -c /cygdrive/d/source/Mobile/server/libs/mysql-connector-c++-1.1.1/CMakeFiles/CMakeTmp/testCXXCompiler.cxx
Linking CXX executable cmTryCompileExec3284244652.exe
/usr/bin/cmake.exe -E cmake_link_script CMakeFiles/cmTryCompileExec3284244652.dir/link.txt --verbose=1
/usr/bin/c++.exe       -Wl,--enable-auto-import  CMakeFiles/cmTryCompileExec3284244652.dir/testCXXCompiler.cxx.o  -o cmTryCompileExec3284244652.exe -Wl,--out-implib,libcmTryCompileExec3284244652.dll.a -Wl,--major-image-version,0,--minor-image-version,0  
make[1]: 离开目录“/cygdrive/d/source/Mobile/server/libs/mysql-connector-c++-1.1.1/CMakeFiles/CMakeTmp”


Detecting CXX compiler ABI info compiled with the following output:
Change Dir: /cygdrive/d/source/Mobile/server/libs/mysql-connector-c++-1.1.1/CMakeFiles/CMakeTmp

Run Build Command:/usr/bin/make.exe "cmTryCompileExec4114462874/fast"
/usr/bin/make -f CMakeFiles/cmTryCompileExec4114462874.dir/build.make CMakeFiles/cmTryCompileExec4114462874.dir/build
make[1]: 进入目录“/cygdrive/d/source/Mobile/server/libs/mysql-connector-c++-1.1.1/CMakeFiles/CMakeTmp”
/usr/bin/cmake.exe -E cmake_progress_report /cygdrive/d/source/Mobile/server/libs/mysql-connector-c++-1.1.1/CMakeFiles/CMakeTmp/CMakeFiles 1
Building CXX object CMakeFiles/cmTryCompileExec4114462874.dir/CMakeCXXCompilerABI.cpp.o
/usr/bin/c++.exe     -o CMakeFiles/cmTryCompileExec4114462874.dir/CMakeCXXCompilerABI.cpp.o -c /usr/share/cmake-2.8.9/Modules/CMakeCXXCompilerABI.cpp
Linking CXX executable cmTryCompileExec4114462874.exe
/usr/bin/cmake.exe -E cmake_link_script CMakeFiles/cmTryCompileExec4114462874.dir/link.txt --verbose=1
/usr/bin/c++.exe       -v CMakeFiles/cmTryCompileExec4114462874.dir/CMakeCXXCompilerABI.cpp.o  -o cmTryCompileExec4114462874.exe -Wl,--out-implib,libcmTryCompileExec4114462874.dll.a -Wl,--major-image-version,0,--minor-image-version,0   
使用内建 specs。
COLLECT_GCC=/usr/bin/c++
COLLECT_LTO_WRAPPER=/usr/lib/gcc/i686-pc-cygwin/4.5.3/lto-wrapper.exe
目标：i686-pc-cygwin
配置为：/gnu/gcc/releases/respins/4.5.3-3/gcc4-4.5.3-3/src/gcc-4.5.3/configure --srcdir=/gnu/gcc/releases/respins/4.5.3-3/gcc4-4.5.3-3/src/gcc-4.5.3 --prefix=/usr --exec-prefix=/usr --bindir=/usr/bin --sbindir=/usr/sbin --libexecdir=/usr/lib --datadir=/usr/share --localstatedir=/var --sysconfdir=/etc --datarootdir=/usr/share --docdir=/usr/share/doc/gcc4 -C --datadir=/usr/share --infodir=/usr/share/info --mandir=/usr/share/man -v --with-gmp=/usr --with-mpfr=/usr --enable-bootstrap --enable-version-specific-runtime-libs --libexecdir=/usr/lib --enable-static --enable-shared --enable-shared-libgcc --disable-__cxa_atexit --with-gnu-ld --with-gnu-as --with-dwarf2 --disable-sjlj-exceptions --enable-languages=ada,c,c++,fortran,java,lto,objc,obj-c++ --enable-graphite --enable-lto --enable-java-awt=gtk --disable-symvers --enable-libjava --program-suffix=-4 --enable-libgomp --enable-libssp --enable-libada --enable-threads=posix --with-arch=i686 --with-tune=generic --enable-libgcj-sublibs CC=gcc-4 CXX=g++-4 CC_FOR_TARGET=gcc-4 CXX_FOR_TARGET=g++-4 GNATMAKE_FOR_TARGET=gnatmake GNATBIND_FOR_TARGET=gnatbind --with-ecj-jar=/usr/share/java/ecj.jar
线程模型：posix
gcc 版本 4.5.3 (GCC) 
COMPILER_PATH=/usr/lib/gcc/i686-pc-cygwin/4.5.3/:/usr/lib/gcc/i686-pc-cygwin/4.5.3/:/usr/lib/gcc/i686-pc-cygwin/:/usr/lib/gcc/i686-pc-cygwin/4.5.3/:/usr/lib/gcc/i686-pc-cygwin/:/usr/lib/gcc/i686-pc-cygwin/4.5.3/../../../../i686-pc-cygwin/bin/
LIBRARY_PATH=/usr/lib/gcc/i686-pc-cygwin/4.5.3/:/usr/lib/gcc/i686-pc-cygwin/4.5.3/../../../:/lib/:/usr/lib/
COLLECT_GCC_OPTIONS='-v' '-o' 'cmTryCompileExec4114462874.exe' '-shared-libgcc' '-mtune=generic' '-march=i686'
 /usr/lib/gcc/i686-pc-cygwin/4.5.3/collect2.exe --wrap _Znwj --wrap _Znaj --wrap _ZdlPv --wrap _ZdaPv --wrap _ZnwjRKSt9nothrow_t --wrap _ZnajRKSt9nothrow_t --wrap _ZdlPvRKSt9nothrow_t --wrap _ZdaPvRKSt9nothrow_t -Bdynamic --dll-search-prefix=cyg --large-address-aware --tsaware -o cmTryCompileExec4114462874.exe /usr/lib/gcc/i686-pc-cygwin/4.5.3/../../../crt0.o /usr/lib/gcc/i686-pc-cygwin/4.5.3/crtbegin.o -L/usr/lib/gcc/i686-pc-cygwin/4.5.3 -L/usr/lib/gcc/i686-pc-cygwin/4.5.3/../../.. CMakeFiles/cmTryCompileExec4114462874.dir/CMakeCXXCompilerABI.cpp.o --out-implib libcmTryCompileExec4114462874.dll.a --major-image-version 0 --minor-image-version 0 -lstdc++ -lgcc_s -lgcc -lcygwin -luser32 -lkernel32 -ladvapi32 -lshell32 -lgcc_s -lgcc /usr/lib/gcc/i686-pc-cygwin/4.5.3/crtend.o
make[1]: 离开目录“/cygdrive/d/source/Mobile/server/libs/mysql-connector-c++-1.1.1/CMakeFiles/CMakeTmp”


Parsed CXX implicit link information from above output:
  link line regex: [^( *|.*[/\])(ld.exe|ld|collect2)[^/\]*( |$)]
  ignore line: [Change Dir: /cygdrive/d/source/Mobile/server/libs/mysql-connector-c++-1.1.1/CMakeFiles/CMakeTmp]
  ignore line: []
  ignore line: [Run Build Command:/usr/bin/make.exe "cmTryCompileExec4114462874/fast"]
  ignore line: [/usr/bin/make -f CMakeFiles/cmTryCompileExec4114462874.dir/build.make CMakeFiles/cmTryCompileExec4114462874.dir/build]
  ignore line: [make[1]: 进入目录“/cygdrive/d/source/Mobile/server/libs/mysql-connector-c++-1.1.1/CMakeFiles/CMakeTmp”]
  ignore line: [/usr/bin/cmake.exe -E cmake_progress_report /cygdrive/d/source/Mobile/server/libs/mysql-connector-c++-1.1.1/CMakeFiles/CMakeTmp/CMakeFiles 1]
  ignore line: [Building CXX object CMakeFiles/cmTryCompileExec4114462874.dir/CMakeCXXCompilerABI.cpp.o]
  ignore line: [/usr/bin/c++.exe     -o CMakeFiles/cmTryCompileExec4114462874.dir/CMakeCXXCompilerABI.cpp.o -c /usr/share/cmake-2.8.9/Modules/CMakeCXXCompilerABI.cpp]
  ignore line: [Linking CXX executable cmTryCompileExec4114462874.exe]
  ignore line: [/usr/bin/cmake.exe -E cmake_link_script CMakeFiles/cmTryCompileExec4114462874.dir/link.txt --verbose=1]
  ignore line: [/usr/bin/c++.exe       -v CMakeFiles/cmTryCompileExec4114462874.dir/CMakeCXXCompilerABI.cpp.o  -o cmTryCompileExec4114462874.exe -Wl,--out-implib,libcmTryCompileExec4114462874.dll.a -Wl,--major-image-version,0,--minor-image-version,0   ]
  ignore line: [使用内建 specs。]
  ignore line: [COLLECT_GCC=/usr/bin/c++]
  ignore line: [COLLECT_LTO_WRAPPER=/usr/lib/gcc/i686-pc-cygwin/4.5.3/lto-wrapper.exe]
  ignore line: [目标：i686-pc-cygwin]
  ignore line: [配置为：/gnu/gcc/releases/respins/4.5.3-3/gcc4-4.5.3-3/src/gcc-4.5.3/configure --srcdir=/gnu/gcc/releases/respins/4.5.3-3/gcc4-4.5.3-3/src/gcc-4.5.3 --prefix=/usr --exec-prefix=/usr --bindir=/usr/bin --sbindir=/usr/sbin --libexecdir=/usr/lib --datadir=/usr/share --localstatedir=/var --sysconfdir=/etc --datarootdir=/usr/share --docdir=/usr/share/doc/gcc4 -C --datadir=/usr/share --infodir=/usr/share/info --mandir=/usr/share/man -v --with-gmp=/usr --with-mpfr=/usr --enable-bootstrap --enable-version-specific-runtime-libs --libexecdir=/usr/lib --enable-static --enable-shared --enable-shared-libgcc --disable-__cxa_atexit --with-gnu-ld --with-gnu-as --with-dwarf2 --disable-sjlj-exceptions --enable-languages=ada,c,c++,fortran,java,lto,objc,obj-c++ --enable-graphite --enable-lto --enable-java-awt=gtk --disable-symvers --enable-libjava --program-suffix=-4 --enable-libgomp --enable-libssp --enable-libada --enable-threads=posix --with-arch=i686 --with-tune=generic --enable-libgcj-sublibs CC=gcc-4 CXX=g++-4 CC_FOR_TARGET=gcc-4 CXX_FOR_TARGET=g++-4 GNATMAKE_FOR_TARGET=gnatmake GNATBIND_FOR_TARGET=gnatbind --with-ecj-jar=/usr/share/java/ecj.jar]
  ignore line: [线程模型：posix]
  ignore line: [gcc 版本 4.5.3 (GCC) ]
  ignore line: [COMPILER_PATH=/usr/lib/gcc/i686-pc-cygwin/4.5.3/:/usr/lib/gcc/i686-pc-cygwin/4.5.3/:/usr/lib/gcc/i686-pc-cygwin/:/usr/lib/gcc/i686-pc-cygwin/4.5.3/:/usr/lib/gcc/i686-pc-cygwin/:/usr/lib/gcc/i686-pc-cygwin/4.5.3/../../../../i686-pc-cygwin/bin/]
  ignore line: [LIBRARY_PATH=/usr/lib/gcc/i686-pc-cygwin/4.5.3/:/usr/lib/gcc/i686-pc-cygwin/4.5.3/../../../:/lib/:/usr/lib/]
  ignore line: [COLLECT_GCC_OPTIONS='-v' '-o' 'cmTryCompileExec4114462874.exe' '-shared-libgcc' '-mtune=generic' '-march=i686']
  link line: [ /usr/lib/gcc/i686-pc-cygwin/4.5.3/collect2.exe --wrap _Znwj --wrap _Znaj --wrap _ZdlPv --wrap _ZdaPv --wrap _ZnwjRKSt9nothrow_t --wrap _ZnajRKSt9nothrow_t --wrap _ZdlPvRKSt9nothrow_t --wrap _ZdaPvRKSt9nothrow_t -Bdynamic --dll-search-prefix=cyg --large-address-aware --tsaware -o cmTryCompileExec4114462874.exe /usr/lib/gcc/i686-pc-cygwin/4.5.3/../../../crt0.o /usr/lib/gcc/i686-pc-cygwin/4.5.3/crtbegin.o -L/usr/lib/gcc/i686-pc-cygwin/4.5.3 -L/usr/lib/gcc/i686-pc-cygwin/4.5.3/../../.. CMakeFiles/cmTryCompileExec4114462874.dir/CMakeCXXCompilerABI.cpp.o --out-implib libcmTryCompileExec4114462874.dll.a --major-image-version 0 --minor-image-version 0 -lstdc++ -lgcc_s -lgcc -lcygwin -luser32 -lkernel32 -ladvapi32 -lshell32 -lgcc_s -lgcc /usr/lib/gcc/i686-pc-cygwin/4.5.3/crtend.o]
    arg [/usr/lib/gcc/i686-pc-cygwin/4.5.3/collect2.exe] ==> ignore
    arg [--wrap] ==> ignore
    arg [_Znwj] ==> ignore
    arg [--wrap] ==> ignore
    arg [_Znaj] ==> ignore
    arg [--wrap] ==> ignore
    arg [_ZdlPv] ==> ignore
    arg [--wrap] ==> ignore
    arg [_ZdaPv] ==> ignore
    arg [--wrap] ==> ignore
    arg [_ZnwjRKSt9nothrow_t] ==> ignore
    arg [--wrap] ==> ignore
    arg [_ZnajRKSt9nothrow_t] ==> ignore
    arg [--wrap] ==> ignore
    arg [_ZdlPvRKSt9nothrow_t] ==> ignore
    arg [--wrap] ==> ignore
    arg [_ZdaPvRKSt9nothrow_t] ==> ignore
    arg [-Bdynamic] ==> ignore
    arg [--dll-search-prefix=cyg] ==> ignore
    arg [--large-address-aware] ==> ignore
    arg [--tsaware] ==> ignore
    arg [-o] ==> ignore
    arg [cmTryCompileExec4114462874.exe] ==> ignore
    arg [/usr/lib/gcc/i686-pc-cygwin/4.5.3/../../../crt0.o] ==> ignore
    arg [/usr/lib/gcc/i686-pc-cygwin/4.5.3/crtbegin.o] ==> ignore
    arg [-L/usr/lib/gcc/i686-pc-cygwin/4.5.3] ==> dir [/usr/lib/gcc/i686-pc-cygwin/4.5.3]
    arg [-L/usr/lib/gcc/i686-pc-cygwin/4.5.3/../../..] ==> dir [/usr/lib/gcc/i686-pc-cygwin/4.5.3/../../..]
    arg [CMakeFiles/cmTryCompileExec4114462874.dir/CMakeCXXCompilerABI.cpp.o] ==> ignore
    arg [--out-implib] ==> ignore
    arg [libcmTryCompileExec4114462874.dll.a] ==> ignore
    arg [--major-image-version] ==> ignore
    arg [0] ==> ignore
    arg [--minor-image-version] ==> ignore
    arg [0] ==> ignore
    arg [-lstdc++] ==> lib [stdc++]
    arg [-lgcc_s] ==> lib [gcc_s]
    arg [-lgcc] ==> lib [gcc]
    arg [-lcygwin] ==> lib [cygwin]
    arg [-luser32] ==> lib [user32]
    arg [-lkernel32] ==> lib [kernel32]
    arg [-ladvapi32] ==> lib [advapi32]
    arg [-lshell32] ==> lib [shell32]
    arg [-lgcc_s] ==> lib [gcc_s]
    arg [-lgcc] ==> lib [gcc]
    arg [/usr/lib/gcc/i686-pc-cygwin/4.5.3/crtend.o] ==> ignore
  remove lib [gcc_s]
  remove lib [gcc]
  remove lib [gcc_s]
  remove lib [gcc]
  collapse dir [/usr/lib/gcc/i686-pc-cygwin/4.5.3] ==> [/usr/lib/gcc/i686-pc-cygwin/4.5.3]
  collapse dir [/usr/lib/gcc/i686-pc-cygwin/4.5.3/../../..] ==> [/usr/lib]
  implicit libs: [stdc++;cygwin;user32;kernel32;advapi32;shell32]
  implicit dirs: [/usr/lib/gcc/i686-pc-cygwin/4.5.3;/usr/lib]


Determining if files stdint.h exist passed with the following output:
Change Dir: /cygdrive/d/source/Mobile/server/libs/mysql-connector-c++-1.1.1/CMakeFiles/CMakeTmp

Run Build Command:/usr/bin/make.exe "cmTryCompileExec749269981/fast"
/usr/bin/make -f CMakeFiles/cmTryCompileExec749269981.dir/build.make CMakeFiles/cmTryCompileExec749269981.dir/build
make[1]: 进入目录“/cygdrive/d/source/Mobile/server/libs/mysql-connector-c++-1.1.1/CMakeFiles/CMakeTmp”
/usr/bin/cmake.exe -E cmake_progress_report /cygdrive/d/source/Mobile/server/libs/mysql-connector-c++-1.1.1/CMakeFiles/CMakeTmp/CMakeFiles 1
Building C object CMakeFiles/cmTryCompileExec749269981.dir/CheckIncludeFiles.c.o
/usr/bin/gcc.exe    -o CMakeFiles/cmTryCompileExec749269981.dir/CheckIncludeFiles.c.o   -c /cygdrive/d/source/Mobile/server/libs/mysql-connector-c++-1.1.1/CMakeFiles/CMakeTmp/CheckIncludeFiles.c
Linking C executable cmTryCompileExec749269981.exe
/usr/bin/cmake.exe -E cmake_link_script CMakeFiles/cmTryCompileExec749269981.dir/link.txt --verbose=1
/usr/bin/gcc.exe       -Wl,--enable-auto-import  CMakeFiles/cmTryCompileExec749269981.dir/CheckIncludeFiles.c.o  -o cmTryCompileExec749269981.exe -Wl,--out-implib,libcmTryCompileExec749269981.dll.a -Wl,--major-image-version,0,--minor-image-version,0  
make[1]: 离开目录“/cygdrive/d/source/Mobile/server/libs/mysql-connector-c++-1.1.1/CMakeFiles/CMakeTmp”


Determining if files inttypes.h exist passed with the following output:
Change Dir: /cygdrive/d/source/Mobile/server/libs/mysql-connector-c++-1.1.1/CMakeFiles/CMakeTmp

Run Build Command:/usr/bin/make.exe "cmTryCompileExec3286008133/fast"
/usr/bin/make -f CMakeFiles/cmTryCompileExec3286008133.dir/build.make CMakeFiles/cmTryCompileExec3286008133.dir/build
make[1]: 进入目录“/cygdrive/d/source/Mobile/server/libs/mysql-connector-c++-1.1.1/CMakeFiles/CMakeTmp”
/usr/bin/cmake.exe -E cmake_progress_report /cygdrive/d/source/Mobile/server/libs/mysql-connector-c++-1.1.1/CMakeFiles/CMakeTmp/CMakeFiles 1
Building C object CMakeFiles/cmTryCompileExec3286008133.dir/CheckIncludeFiles.c.o
/usr/bin/gcc.exe    -o CMakeFiles/cmTryCompileExec3286008133.dir/CheckIncludeFiles.c.o   -c /cygdrive/d/source/Mobile/server/libs/mysql-connector-c++-1.1.1/CMakeFiles/CMakeTmp/CheckIncludeFiles.c
Linking C executable cmTryCompileExec3286008133.exe
/usr/bin/cmake.exe -E cmake_link_script CMakeFiles/cmTryCompileExec3286008133.dir/link.txt --verbose=1
/usr/bin/gcc.exe       -Wl,--enable-auto-import  CMakeFiles/cmTryCompileExec3286008133.dir/CheckIncludeFiles.c.o  -o cmTryCompileExec3286008133.exe -Wl,--out-implib,libcmTryCompileExec3286008133.dll.a -Wl,--major-image-version,0,--minor-image-version,0  
make[1]: 离开目录“/cygdrive/d/source/Mobile/server/libs/mysql-connector-c++-1.1.1/CMakeFiles/CMakeTmp”


Determining if the include file sys/types.h exists passed with the following output:
Change Dir: /cygdrive/d/source/Mobile/server/libs/mysql-connector-c++-1.1.1/CMakeFiles/CMakeTmp

Run Build Command:/usr/bin/make.exe "cmTryCompileExec999661290/fast"
/usr/bin/make -f CMakeFiles/cmTryCompileExec999661290.dir/build.make CMakeFiles/cmTryCompileExec999661290.dir/build
make[1]: 进入目录“/cygdrive/d/source/Mobile/server/libs/mysql-connector-c++-1.1.1/CMakeFiles/CMakeTmp”
/usr/bin/cmake.exe -E cmake_progress_report /cygdrive/d/source/Mobile/server/libs/mysql-connector-c++-1.1.1/CMakeFiles/CMakeTmp/CMakeFiles 1
Building C object CMakeFiles/cmTryCompileExec999661290.dir/CheckIncludeFile.c.o
/usr/bin/gcc.exe    -o CMakeFiles/cmTryCompileExec999661290.dir/CheckIncludeFile.c.o   -c /cygdrive/d/source/Mobile/server/libs/mysql-connector-c++-1.1.1/CMakeFiles/CMakeTmp/CheckIncludeFile.c
Linking C executable cmTryCompileExec999661290.exe
/usr/bin/cmake.exe -E cmake_link_script CMakeFiles/cmTryCompileExec999661290.dir/link.txt --verbose=1
/usr/bin/gcc.exe       -Wl,--enable-auto-import  CMakeFiles/cmTryCompileExec999661290.dir/CheckIncludeFile.c.o  -o cmTryCompileExec999661290.exe -Wl,--out-implib,libcmTryCompileExec999661290.dll.a -Wl,--major-image-version,0,--minor-image-version,0  
make[1]: 离开目录“/cygdrive/d/source/Mobile/server/libs/mysql-connector-c++-1.1.1/CMakeFiles/CMakeTmp”


Determining if the include file stddef.h exists passed with the following output:
Change Dir: /cygdrive/d/source/Mobile/server/libs/mysql-connector-c++-1.1.1/CMakeFiles/CMakeTmp

Run Build Command:/usr/bin/make.exe "cmTryCompileExec4180007062/fast"
/usr/bin/make -f CMakeFiles/cmTryCompileExec4180007062.dir/build.make CMakeFiles/cmTryCompileExec4180007062.dir/build
make[1]: 进入目录“/cygdrive/d/source/Mobile/server/libs/mysql-connector-c++-1.1.1/CMakeFiles/CMakeTmp”
/usr/bin/cmake.exe -E cmake_progress_report /cygdrive/d/source/Mobile/server/libs/mysql-connector-c++-1.1.1/CMakeFiles/CMakeTmp/CMakeFiles 1
Building C object CMakeFiles/cmTryCompileExec4180007062.dir/CheckIncludeFile.c.o
/usr/bin/gcc.exe    -o CMakeFiles/cmTryCompileExec4180007062.dir/CheckIncludeFile.c.o   -c /cygdrive/d/source/Mobile/server/libs/mysql-connector-c++-1.1.1/CMakeFiles/CMakeTmp/CheckIncludeFile.c
Linking C executable cmTryCompileExec4180007062.exe
/usr/bin/cmake.exe -E cmake_link_script CMakeFiles/cmTryCompileExec4180007062.dir/link.txt --verbose=1
/usr/bin/gcc.exe       -Wl,--enable-auto-import  CMakeFiles/cmTryCompileExec4180007062.dir/CheckIncludeFile.c.o  -o cmTryCompileExec4180007062.exe -Wl,--out-implib,libcmTryCompileExec4180007062.dll.a -Wl,--major-image-version,0,--minor-image-version,0  
make[1]: 离开目录“/cygdrive/d/source/Mobile/server/libs/mysql-connector-c++-1.1.1/CMakeFiles/CMakeTmp”


Determining size of int8_t passed with the following output:
Change Dir: /cygdrive/d/source/Mobile/server/libs/mysql-connector-c++-1.1.1/CMakeFiles/CMakeTmp

Run Build Command:/usr/bin/make.exe "cmTryCompileExec492852566/fast"
/usr/bin/make -f CMakeFiles/cmTryCompileExec492852566.dir/build.make CMakeFiles/cmTryCompileExec492852566.dir/build
make[1]: 进入目录“/cygdrive/d/source/Mobile/server/libs/mysql-connector-c++-1.1.1/CMakeFiles/CMakeTmp”
/usr/bin/cmake.exe -E cmake_progress_report /cygdrive/d/source/Mobile/server/libs/mysql-connector-c++-1.1.1/CMakeFiles/CMakeTmp/CMakeFiles 1
Building C object CMakeFiles/cmTryCompileExec492852566.dir/HAVE_INT8_T.c.o
/usr/bin/gcc.exe    -o CMakeFiles/cmTryCompileExec492852566.dir/HAVE_INT8_T.c.o   -c /cygdrive/d/source/Mobile/server/libs/mysql-connector-c++-1.1.1/CMakeFiles/CheckTypeSize/HAVE_INT8_T.c
Linking C executable cmTryCompileExec492852566.exe
/usr/bin/cmake.exe -E cmake_link_script CMakeFiles/cmTryCompileExec492852566.dir/link.txt --verbose=1
/usr/bin/gcc.exe       -Wl,--enable-auto-import  CMakeFiles/cmTryCompileExec492852566.dir/HAVE_INT8_T.c.o  -o cmTryCompileExec492852566.exe -Wl,--out-implib,libcmTryCompileExec492852566.dll.a -Wl,--major-image-version,0,--minor-image-version,0  
make[1]: 离开目录“/cygdrive/d/source/Mobile/server/libs/mysql-connector-c++-1.1.1/CMakeFiles/CMakeTmp”


Determining size of uint8_t passed with the following output:
Change Dir: /cygdrive/d/source/Mobile/server/libs/mysql-connector-c++-1.1.1/CMakeFiles/CMakeTmp

Run Build Command:/usr/bin/make.exe "cmTryCompileExec1068376506/fast"
/usr/bin/make -f CMakeFiles/cmTryCompileExec1068376506.dir/build.make CMakeFiles/cmTryCompileExec1068376506.dir/build
make[1]: 进入目录“/cygdrive/d/source/Mobile/server/libs/mysql-connector-c++-1.1.1/CMakeFiles/CMakeTmp”
/usr/bin/cmake.exe -E cmake_progress_report /cygdrive/d/source/Mobile/server/libs/mysql-connector-c++-1.1.1/CMakeFiles/CMakeTmp/CMakeFiles 1
Building C object CMakeFiles/cmTryCompileExec1068376506.dir/HAVE_UINT8_T.c.o
/usr/bin/gcc.exe    -o CMakeFiles/cmTryCompileExec1068376506.dir/HAVE_UINT8_T.c.o   -c /cygdrive/d/source/Mobile/server/libs/mysql-connector-c++-1.1.1/CMakeFiles/CheckTypeSize/HAVE_UINT8_T.c
Linking C executable cmTryCompileExec1068376506.exe
/usr/bin/cmake.exe -E cmake_link_script CMakeFiles/cmTryCompileExec1068376506.dir/link.txt --verbose=1
/usr/bin/gcc.exe       -Wl,--enable-auto-import  CMakeFiles/cmTryCompileExec1068376506.dir/HAVE_UINT8_T.c.o  -o cmTryCompileExec1068376506.exe -Wl,--out-implib,libcmTryCompileExec1068376506.dll.a -Wl,--major-image-version,0,--minor-image-version,0  
make[1]: 离开目录“/cygdrive/d/source/Mobile/server/libs/mysql-connector-c++-1.1.1/CMakeFiles/CMakeTmp”


Determining size of int16_t passed with the following output:
Change Dir: /cygdrive/d/source/Mobile/server/libs/mysql-connector-c++-1.1.1/CMakeFiles/CMakeTmp

Run Build Command:/usr/bin/make.exe "cmTryCompileExec935632619/fast"
/usr/bin/make -f CMakeFiles/cmTryCompileExec935632619.dir/build.make CMakeFiles/cmTryCompileExec935632619.dir/build
make[1]: 进入目录“/cygdrive/d/source/Mobile/server/libs/mysql-connector-c++-1.1.1/CMakeFiles/CMakeTmp”
/usr/bin/cmake.exe -E cmake_progress_report /cygdrive/d/source/Mobile/server/libs/mysql-connector-c++-1.1.1/CMakeFiles/CMakeTmp/CMakeFiles 1
Building C object CMakeFiles/cmTryCompileExec935632619.dir/HAVE_INT16_T.c.o
/usr/bin/gcc.exe    -o CMakeFiles/cmTryCompileExec935632619.dir/HAVE_INT16_T.c.o   -c /cygdrive/d/source/Mobile/server/libs/mysql-connector-c++-1.1.1/CMakeFiles/CheckTypeSize/HAVE_INT16_T.c
Linking C executable cmTryCompileExec935632619.exe
/usr/bin/cmake.exe -E cmake_link_script CMakeFiles/cmTryCompileExec935632619.dir/link.txt --verbose=1
/usr/bin/gcc.exe       -Wl,--enable-auto-import  CMakeFiles/cmTryCompileExec935632619.dir/HAVE_INT16_T.c.o  -o cmTryCompileExec935632619.exe -Wl,--out-implib,libcmTryCompileExec935632619.dll.a -Wl,--major-image-version,0,--minor-image-version,0  
make[1]: 离开目录“/cygdrive/d/source/Mobile/server/libs/mysql-connector-c++-1.1.1/CMakeFiles/CMakeTmp”


Determining size of uint16_t passed with the following output:
Change Dir: /cygdrive/d/source/Mobile/server/libs/mysql-connector-c++-1.1.1/CMakeFiles/CMakeTmp

Run Build Command:/usr/bin/make.exe "cmTryCompileExec2685625156/fast"
/usr/bin/make -f CMakeFiles/cmTryCompileExec2685625156.dir/build.make CMakeFiles/cmTryCompileExec2685625156.dir/build
make[1]: 进入目录“/cygdrive/d/source/Mobile/server/libs/mysql-connector-c++-1.1.1/CMakeFiles/CMakeTmp”
/usr/bin/cmake.exe -E cmake_progress_report /cygdrive/d/source/Mobile/server/libs/mysql-connector-c++-1.1.1/CMakeFiles/CMakeTmp/CMakeFiles 1
Building C object CMakeFiles/cmTryCompileExec2685625156.dir/HAVE_UINT16_T.c.o
/usr/bin/gcc.exe    -o CMakeFiles/cmTryCompileExec2685625156.dir/HAVE_UINT16_T.c.o   -c /cygdrive/d/source/Mobile/server/libs/mysql-connector-c++-1.1.1/CMakeFiles/CheckTypeSize/HAVE_UINT16_T.c
Linking C executable cmTryCompileExec2685625156.exe
/usr/bin/cmake.exe -E cmake_link_script CMakeFiles/cmTryCompileExec2685625156.dir/link.txt --verbose=1
/usr/bin/gcc.exe       -Wl,--enable-auto-import  CMakeFiles/cmTryCompileExec2685625156.dir/HAVE_UINT16_T.c.o  -o cmTryCompileExec2685625156.exe -Wl,--out-implib,libcmTryCompileExec2685625156.dll.a -Wl,--major-image-version,0,--minor-image-version,0  
make[1]: 离开目录“/cygdrive/d/source/Mobile/server/libs/mysql-connector-c++-1.1.1/CMakeFiles/CMakeTmp”


Determining size of int32_t passed with the following output:
Change Dir: /cygdrive/d/source/Mobile/server/libs/mysql-connector-c++-1.1.1/CMakeFiles/CMakeTmp

Run Build Command:/usr/bin/make.exe "cmTryCompileExec3695146915/fast"
/usr/bin/make -f CMakeFiles/cmTryCompileExec3695146915.dir/build.make CMakeFiles/cmTryCompileExec3695146915.dir/build
make[1]: 进入目录“/cygdrive/d/source/Mobile/server/libs/mysql-connector-c++-1.1.1/CMakeFiles/CMakeTmp”
/usr/bin/cmake.exe -E cmake_progress_report /cygdrive/d/source/Mobile/server/libs/mysql-connector-c++-1.1.1/CMakeFiles/CMakeTmp/CMakeFiles 1
Building C object CMakeFiles/cmTryCompileExec3695146915.dir/HAVE_INT32_T.c.o
/usr/bin/gcc.exe    -o CMakeFiles/cmTryCompileExec3695146915.dir/HAVE_INT32_T.c.o   -c /cygdrive/d/source/Mobile/server/libs/mysql-connector-c++-1.1.1/CMakeFiles/CheckTypeSize/HAVE_INT32_T.c
Linking C executable cmTryCompileExec3695146915.exe
/usr/bin/cmake.exe -E cmake_link_script CMakeFiles/cmTryCompileExec3695146915.dir/link.txt --verbose=1
/usr/bin/gcc.exe       -Wl,--enable-auto-import  CMakeFiles/cmTryCompileExec3695146915.dir/HAVE_INT32_T.c.o  -o cmTryCompileExec3695146915.exe -Wl,--out-implib,libcmTryCompileExec3695146915.dll.a -Wl,--major-image-version,0,--minor-image-version,0  
make[1]: 离开目录“/cygdrive/d/source/Mobile/server/libs/mysql-connector-c++-1.1.1/CMakeFiles/CMakeTmp”


Determining size of uint32_t passed with the following output:
Change Dir: /cygdrive/d/source/Mobile/server/libs/mysql-connector-c++-1.1.1/CMakeFiles/CMakeTmp

Run Build Command:/usr/bin/make.exe "cmTryCompileExec2751706490/fast"
/usr/bin/make -f CMakeFiles/cmTryCompileExec2751706490.dir/build.make CMakeFiles/cmTryCompileExec2751706490.dir/build
make[1]: 进入目录“/cygdrive/d/source/Mobile/server/libs/mysql-connector-c++-1.1.1/CMakeFiles/CMakeTmp”
/usr/bin/cmake.exe -E cmake_progress_report /cygdrive/d/source/Mobile/server/libs/mysql-connector-c++-1.1.1/CMakeFiles/CMakeTmp/CMakeFiles 1
Building C object CMakeFiles/cmTryCompileExec2751706490.dir/HAVE_UINT32_T.c.o
/usr/bin/gcc.exe    -o CMakeFiles/cmTryCompileExec2751706490.dir/HAVE_UINT32_T.c.o   -c /cygdrive/d/source/Mobile/server/libs/mysql-connector-c++-1.1.1/CMakeFiles/CheckTypeSize/HAVE_UINT32_T.c
Linking C executable cmTryCompileExec2751706490.exe
/usr/bin/cmake.exe -E cmake_link_script CMakeFiles/cmTryCompileExec2751706490.dir/link.txt --verbose=1
/usr/bin/gcc.exe       -Wl,--enable-auto-import  CMakeFiles/cmTryCompileExec2751706490.dir/HAVE_UINT32_T.c.o  -o cmTryCompileExec2751706490.exe -Wl,--out-implib,libcmTryCompileExec2751706490.dll.a -Wl,--major-image-version,0,--minor-image-version,0  
make[1]: 离开目录“/cygdrive/d/source/Mobile/server/libs/mysql-connector-c++-1.1.1/CMakeFiles/CMakeTmp”


Determining size of int64_t passed with the following output:
Change Dir: /cygdrive/d/source/Mobile/server/libs/mysql-connector-c++-1.1.1/CMakeFiles/CMakeTmp

Run Build Command:/usr/bin/make.exe "cmTryCompileExec2422172026/fast"
/usr/bin/make -f CMakeFiles/cmTryCompileExec2422172026.dir/build.make CMakeFiles/cmTryCompileExec2422172026.dir/build
make[1]: 进入目录“/cygdrive/d/source/Mobile/server/libs/mysql-connector-c++-1.1.1/CMakeFiles/CMakeTmp”
/usr/bin/cmake.exe -E cmake_progress_report /cygdrive/d/source/Mobile/server/libs/mysql-connector-c++-1.1.1/CMakeFiles/CMakeTmp/CMakeFiles 1
Building C object CMakeFiles/cmTryCompileExec2422172026.dir/HAVE_INT64_T.c.o
/usr/bin/gcc.exe    -o CMakeFiles/cmTryCompileExec2422172026.dir/HAVE_INT64_T.c.o   -c /cygdrive/d/source/Mobile/server/libs/mysql-connector-c++-1.1.1/CMakeFiles/CheckTypeSize/HAVE_INT64_T.c
Linking C executable cmTryCompileExec2422172026.exe
/usr/bin/cmake.exe -E cmake_link_script CMakeFiles/cmTryCompileExec2422172026.dir/link.txt --verbose=1
/usr/bin/gcc.exe       -Wl,--enable-auto-import  CMakeFiles/cmTryCompileExec2422172026.dir/HAVE_INT64_T.c.o  -o cmTryCompileExec2422172026.exe -Wl,--out-implib,libcmTryCompileExec2422172026.dll.a -Wl,--major-image-version,0,--minor-image-version,0  
make[1]: 离开目录“/cygdrive/d/source/Mobile/server/libs/mysql-connector-c++-1.1.1/CMakeFiles/CMakeTmp”


Determining size of uint64_t passed with the following output:
Change Dir: /cygdrive/d/source/Mobile/server/libs/mysql-connector-c++-1.1.1/CMakeFiles/CMakeTmp

Run Build Command:/usr/bin/make.exe "cmTryCompileExec2040935657/fast"
/usr/bin/make -f CMakeFiles/cmTryCompileExec2040935657.dir/build.make CMakeFiles/cmTryCompileExec2040935657.dir/build
make[1]: 进入目录“/cygdrive/d/source/Mobile/server/libs/mysql-connector-c++-1.1.1/CMakeFiles/CMakeTmp”
/usr/bin/cmake.exe -E cmake_progress_report /cygdrive/d/source/Mobile/server/libs/mysql-connector-c++-1.1.1/CMakeFiles/CMakeTmp/CMakeFiles 1
Building C object CMakeFiles/cmTryCompileExec2040935657.dir/HAVE_UINT64_T.c.o
/usr/bin/gcc.exe    -o CMakeFiles/cmTryCompileExec2040935657.dir/HAVE_UINT64_T.c.o   -c /cygdrive/d/source/Mobile/server/libs/mysql-connector-c++-1.1.1/CMakeFiles/CheckTypeSize/HAVE_UINT64_T.c
Linking C executable cmTryCompileExec2040935657.exe
/usr/bin/cmake.exe -E cmake_link_script CMakeFiles/cmTryCompileExec2040935657.dir/link.txt --verbose=1
/usr/bin/gcc.exe       -Wl,--enable-auto-import  CMakeFiles/cmTryCompileExec2040935657.dir/HAVE_UINT64_T.c.o  -o cmTryCompileExec2040935657.exe -Wl,--out-implib,libcmTryCompileExec2040935657.dll.a -Wl,--major-image-version,0,--minor-image-version,0  
make[1]: 离开目录“/cygdrive/d/source/Mobile/server/libs/mysql-connector-c++-1.1.1/CMakeFiles/CMakeTmp”


Determining if the function strtol exists passed with the following output:
Change Dir: /cygdrive/d/source/Mobile/server/libs/mysql-connector-c++-1.1.1/CMakeFiles/CMakeTmp

Run Build Command:/usr/bin/make.exe "cmTryCompileExec4170658608/fast"
/usr/bin/make -f CMakeFiles/cmTryCompileExec4170658608.dir/build.make CMakeFiles/cmTryCompileExec4170658608.dir/build
make[1]: 进入目录“/cygdrive/d/source/Mobile/server/libs/mysql-connector-c++-1.1.1/CMakeFiles/CMakeTmp”
/usr/bin/cmake.exe -E cmake_progress_report /cygdrive/d/source/Mobile/server/libs/mysql-connector-c++-1.1.1/CMakeFiles/CMakeTmp/CMakeFiles 1
Building C object CMakeFiles/cmTryCompileExec4170658608.dir/CheckFunctionExists.c.o
/usr/bin/gcc.exe   -DCHECK_FUNCTION_EXISTS=strtol   -o CMakeFiles/cmTryCompileExec4170658608.dir/CheckFunctionExists.c.o   -c /usr/share/cmake-2.8.9/Modules/CheckFunctionExists.c
Linking C executable cmTryCompileExec4170658608.exe
/usr/bin/cmake.exe -E cmake_link_script CMakeFiles/cmTryCompileExec4170658608.dir/link.txt --verbose=1
/usr/bin/gcc.exe     -DCHECK_FUNCTION_EXISTS=strtol  -Wl,--enable-auto-import  CMakeFiles/cmTryCompileExec4170658608.dir/CheckFunctionExists.c.o  -o cmTryCompileExec4170658608.exe -Wl,--out-implib,libcmTryCompileExec4170658608.dll.a -Wl,--major-image-version,0,--minor-image-version,0  
make[1]: 离开目录“/cygdrive/d/source/Mobile/server/libs/mysql-connector-c++-1.1.1/CMakeFiles/CMakeTmp”


Determining if the function strtoll exists passed with the following output:
Change Dir: /cygdrive/d/source/Mobile/server/libs/mysql-connector-c++-1.1.1/CMakeFiles/CMakeTmp

Run Build Command:/usr/bin/make.exe "cmTryCompileExec3672623886/fast"
/usr/bin/make -f CMakeFiles/cmTryCompileExec3672623886.dir/build.make CMakeFiles/cmTryCompileExec3672623886.dir/build
make[1]: 进入目录“/cygdrive/d/source/Mobile/server/libs/mysql-connector-c++-1.1.1/CMakeFiles/CMakeTmp”
/usr/bin/cmake.exe -E cmake_progress_report /cygdrive/d/source/Mobile/server/libs/mysql-connector-c++-1.1.1/CMakeFiles/CMakeTmp/CMakeFiles 1
Building C object CMakeFiles/cmTryCompileExec3672623886.dir/CheckFunctionExists.c.o
/usr/bin/gcc.exe   -DCHECK_FUNCTION_EXISTS=strtoll   -o CMakeFiles/cmTryCompileExec3672623886.dir/CheckFunctionExists.c.o   -c /usr/share/cmake-2.8.9/Modules/CheckFunctionExists.c
Linking C executable cmTryCompileExec3672623886.exe
/usr/bin/cmake.exe -E cmake_link_script CMakeFiles/cmTryCompileExec3672623886.dir/link.txt --verbose=1
/usr/bin/gcc.exe     -DCHECK_FUNCTION_EXISTS=strtoll  -Wl,--enable-auto-import  CMakeFiles/cmTryCompileExec3672623886.dir/CheckFunctionExists.c.o  -o cmTryCompileExec3672623886.exe -Wl,--out-implib,libcmTryCompileExec3672623886.dll.a -Wl,--major-image-version,0,--minor-image-version,0  
make[1]: 离开目录“/cygdrive/d/source/Mobile/server/libs/mysql-connector-c++-1.1.1/CMakeFiles/CMakeTmp”


Determining if the function strtoul exists passed with the following output:
Change Dir: /cygdrive/d/source/Mobile/server/libs/mysql-connector-c++-1.1.1/CMakeFiles/CMakeTmp

Run Build Command:/usr/bin/make.exe "cmTryCompileExec327087279/fast"
/usr/bin/make -f CMakeFiles/cmTryCompileExec327087279.dir/build.make CMakeFiles/cmTryCompileExec327087279.dir/build
make[1]: 进入目录“/cygdrive/d/source/Mobile/server/libs/mysql-connector-c++-1.1.1/CMakeFiles/CMakeTmp”
/usr/bin/cmake.exe -E cmake_progress_report /cygdrive/d/source/Mobile/server/libs/mysql-connector-c++-1.1.1/CMakeFiles/CMakeTmp/CMakeFiles 1
Building C object CMakeFiles/cmTryCompileExec327087279.dir/CheckFunctionExists.c.o
/usr/bin/gcc.exe   -DCHECK_FUNCTION_EXISTS=strtoul   -o CMakeFiles/cmTryCompileExec327087279.dir/CheckFunctionExists.c.o   -c /usr/share/cmake-2.8.9/Modules/CheckFunctionExists.c
Linking C executable cmTryCompileExec327087279.exe
/usr/bin/cmake.exe -E cmake_link_script CMakeFiles/cmTryCompileExec327087279.dir/link.txt --verbose=1
/usr/bin/gcc.exe     -DCHECK_FUNCTION_EXISTS=strtoul  -Wl,--enable-auto-import  CMakeFiles/cmTryCompileExec327087279.dir/CheckFunctionExists.c.o  -o cmTryCompileExec327087279.exe -Wl,--out-implib,libcmTryCompileExec327087279.dll.a -Wl,--major-image-version,0,--minor-image-version,0  
make[1]: 离开目录“/cygdrive/d/source/Mobile/server/libs/mysql-connector-c++-1.1.1/CMakeFiles/CMakeTmp”


Determining if the function strtoull exists passed with the following output:
Change Dir: /cygdrive/d/source/Mobile/server/libs/mysql-connector-c++-1.1.1/CMakeFiles/CMakeTmp

Run Build Command:/usr/bin/make.exe "cmTryCompileExec2092754131/fast"
/usr/bin/make -f CMakeFiles/cmTryCompileExec2092754131.dir/build.make CMakeFiles/cmTryCompileExec2092754131.dir/build
make[1]: 进入目录“/cygdrive/d/source/Mobile/server/libs/mysql-connector-c++-1.1.1/CMakeFiles/CMakeTmp”
/usr/bin/cmake.exe -E cmake_progress_report /cygdrive/d/source/Mobile/server/libs/mysql-connector-c++-1.1.1/CMakeFiles/CMakeTmp/CMakeFiles 1
Building C object CMakeFiles/cmTryCompileExec2092754131.dir/CheckFunctionExists.c.o
/usr/bin/gcc.exe   -DCHECK_FUNCTION_EXISTS=strtoull   -o CMakeFiles/cmTryCompileExec2092754131.dir/CheckFunctionExists.c.o   -c /usr/share/cmake-2.8.9/Modules/CheckFunctionExists.c
Linking C executable cmTryCompileExec2092754131.exe
/usr/bin/cmake.exe -E cmake_link_script CMakeFiles/cmTryCompileExec2092754131.dir/link.txt --verbose=1
/usr/bin/gcc.exe     -DCHECK_FUNCTION_EXISTS=strtoull  -Wl,--enable-auto-import  CMakeFiles/cmTryCompileExec2092754131.dir/CheckFunctionExists.c.o  -o cmTryCompileExec2092754131.exe -Wl,--out-implib,libcmTryCompileExec2092754131.dll.a -Wl,--major-image-version,0,--minor-image-version,0  
make[1]: 离开目录“/cygdrive/d/source/Mobile/server/libs/mysql-connector-c++-1.1.1/CMakeFiles/CMakeTmp”


Determining if the function strtoimax exists passed with the following output:
Change Dir: /cygdrive/d/source/Mobile/server/libs/mysql-connector-c++-1.1.1/CMakeFiles/CMakeTmp

Run Build Command:/usr/bin/make.exe "cmTryCompileExec2550284794/fast"
/usr/bin/make -f CMakeFiles/cmTryCompileExec2550284794.dir/build.make CMakeFiles/cmTryCompileExec2550284794.dir/build
make[1]: 进入目录“/cygdrive/d/source/Mobile/server/libs/mysql-connector-c++-1.1.1/CMakeFiles/CMakeTmp”
/usr/bin/cmake.exe -E cmake_progress_report /cygdrive/d/source/Mobile/server/libs/mysql-connector-c++-1.1.1/CMakeFiles/CMakeTmp/CMakeFiles 1
Building C object CMakeFiles/cmTryCompileExec2550284794.dir/CheckFunctionExists.c.o
/usr/bin/gcc.exe   -DCHECK_FUNCTION_EXISTS=strtoimax   -o CMakeFiles/cmTryCompileExec2550284794.dir/CheckFunctionExists.c.o   -c /usr/share/cmake-2.8.9/Modules/CheckFunctionExists.c
Linking C executable cmTryCompileExec2550284794.exe
/usr/bin/cmake.exe -E cmake_link_script CMakeFiles/cmTryCompileExec2550284794.dir/link.txt --verbose=1
/usr/bin/gcc.exe     -DCHECK_FUNCTION_EXISTS=strtoimax  -Wl,--enable-auto-import  CMakeFiles/cmTryCompileExec2550284794.dir/CheckFunctionExists.c.o  -o cmTryCompileExec2550284794.exe -Wl,--out-implib,libcmTryCompileExec2550284794.dll.a -Wl,--major-image-version,0,--minor-image-version,0  
make[1]: 离开目录“/cygdrive/d/source/Mobile/server/libs/mysql-connector-c++-1.1.1/CMakeFiles/CMakeTmp”


Determining if the function strtoumax exists passed with the following output:
Change Dir: /cygdrive/d/source/Mobile/server/libs/mysql-connector-c++-1.1.1/CMakeFiles/CMakeTmp

Run Build Command:/usr/bin/make.exe "cmTryCompileExec3109229596/fast"
/usr/bin/make -f CMakeFiles/cmTryCompileExec3109229596.dir/build.make CMakeFiles/cmTryCompileExec3109229596.dir/build
make[1]: 进入目录“/cygdrive/d/source/Mobile/server/libs/mysql-connector-c++-1.1.1/CMakeFiles/CMakeTmp”
/usr/bin/cmake.exe -E cmake_progress_report /cygdrive/d/source/Mobile/server/libs/mysql-connector-c++-1.1.1/CMakeFiles/CMakeTmp/CMakeFiles 1
Building C object CMakeFiles/cmTryCompileExec3109229596.dir/CheckFunctionExists.c.o
/usr/bin/gcc.exe   -DCHECK_FUNCTION_EXISTS=strtoumax   -o CMakeFiles/cmTryCompileExec3109229596.dir/CheckFunctionExists.c.o   -c /usr/share/cmake-2.8.9/Modules/CheckFunctionExists.c
Linking C executable cmTryCompileExec3109229596.exe
/usr/bin/cmake.exe -E cmake_link_script CMakeFiles/cmTryCompileExec3109229596.dir/link.txt --verbose=1
/usr/bin/gcc.exe     -DCHECK_FUNCTION_EXISTS=strtoumax  -Wl,--enable-auto-import  CMakeFiles/cmTryCompileExec3109229596.dir/CheckFunctionExists.c.o  -o cmTryCompileExec3109229596.exe -Wl,--out-implib,libcmTryCompileExec3109229596.dll.a -Wl,--major-image-version,0,--minor-image-version,0  
make[1]: 离开目录“/cygdrive/d/source/Mobile/server/libs/mysql-connector-c++-1.1.1/CMakeFiles/CMakeTmp”


